2025-03-23 02:50:18,296 - my_app - ERROR - 'str' object has no attribute '_clone'
2025-03-23 02:52:14,451 - my_app - ERROR - 'str' object has no attribute '_clone'
2025-03-23 02:53:07,794 - my_app - INFO - The repo -- https://github.com/ArjunKrish7356/LocalLLMwithRAG.git has been cloned...
2025-03-23 02:53:53,311 - my_app - ERROR - Cmd('git') failed due to: exit code(128)
  cmdline: git clone -v -- https://github.com/ArjunKrish7356/LocalLLMwithRAG.git backend/DirectoryToConvert
  stderr: 'fatal: destination path 'backend/DirectoryToConvert' already exists and is not an empty directory.
'
2025-03-23 02:54:56,675 - my_app - INFO - The repo -- https://github.com/ArjunKrish7356/LocalLLMwithRAG.git has been cloned...
2025-03-23 06:15:01,866 - my_app - WARNING - Invalid git URL: hi (must end with .git)
2025-03-23 06:15:44,024 - my_app - INFO - Directory ./DirectoryToConvert has been cleared
2025-03-23 06:15:47,461 - my_app - INFO - The repo -- https://github.com/ArjunKrish7356/LocalLLMwithRAG.git has been cloned...
2025-03-23 06:26:08,822 - my_app - INFO - Directory ./DirectoryToConvert has been cleared
2025-03-23 06:26:10,456 - my_app - INFO - The repo -- https://github.com/ArjunKrish7356/LocalLLMwithRAG.git has been cloned...
2025-03-23 06:41:33,625 - my_app - INFO - Directory ./DirectoryToConvert has been cleared
2025-03-23 06:41:35,910 - my_app - INFO - The repo -- https://github.com/ArjunKrish7356/LocalLLMwithRAG.git has been cloned...
2025-03-23 06:54:31,840 - my_app - WARNING - Invalid git URL: hi (must end with .git)
2025-03-23 06:54:42,966 - my_app - INFO - Directory ./DirectoryToConvert has been cleared
2025-03-23 06:54:48,071 - my_app - INFO - The repo -- https://github.com/ArjunKrish7356/LocalLLMwithRAG.git has been cloned...
2025-03-23 06:55:16,633 - my_app - INFO - Directory ./DirectoryToConvert has been cleared
2025-03-23 06:55:18,967 - my_app - INFO - The repo -- https://github.com/ArjunKrish7356/LocalLLMwithRAG.git has been cloned...
2025-03-23 06:58:40,802 - my_app - INFO - Directory ./DirectoryToConvert has been cleared
2025-03-23 06:58:42,235 - my_app - INFO - The repo -- https://github.com/ArjunKrish7356/LocalLLMwithRAG.git has been cloned...
2025-03-23 07:13:02,756 - my_app - INFO - Directory ./DirectoryToConvert has been cleared
2025-03-23 07:13:05,255 - my_app - INFO - The repo -- https://github.com/ArjunKrish7356/LocalLLMwithRAG.git has been cloned...
2025-03-23 07:26:07,097 - my_app - INFO - Directory ./DirectoryToConvert has been cleared
2025-03-23 07:26:09,407 - my_app - INFO - The repo -- https://github.com/ArjunKrish7356/LocalLLMwithRAG.git has been cloned...
2025-03-23 07:26:57,256 - my_app - INFO - Directory ./DirectoryToConvert has been cleared
2025-03-23 07:26:59,538 - my_app - INFO - The repo -- https://github.com/ArjunKrish7356/LocalLLMwithRAG.git has been cloned...
